<?xml version="1.0" encoding="UTF-8" ?>
<testsuite errors="2" failures="1" hostname="WIN-RDVOFFCHU4G" name="com.informatica.cloud.api.adapter.test.connection.ConnectionTest" skipped="0" tests="5" time="0.019" timestamp="2015-01-29T15:48:36">
  <properties>
[...]
</properties>
  <testcase classname="com.informatica.cloud.api.adapter.test.connection.ConnectionTest" name="testConnectWithConnectionAttributesFromINIFile" time="0.003">
    <error message="The path provided does not exists OR cannot be read!" type="com.informatica.cloud.api.adapter.connection.ConnectionFailedException">com.informatica.cloud.api.adapter.connection.ConnectionFailedException: The path provided does not exists OR cannot be read!
	at com.informatica.cloudlabs.adapter.csvfile.connection.CSVFileConnection.connect(CSVFileConnection.java:41)
	at com.informatica.cloud.api.adapter.test.connection.ConnectionTest.testConnectWithConnectionAttributesFromINIFile(ConnectionTest.java:56)
	at org.eclipse.ant.internal.launching.remote.EclipseDefaultExecutor.executeTargets(EclipseDefaultExecutor.java:36)
	at org.eclipse.ant.internal.launching.remote.InternalAntRunner.run(InternalAntRunner.java:452)
	at org.eclipse.ant.internal.launching.remote.InternalAntRunner.main(InternalAntRunner.java:139)
</error>
  </testcase>
  <testcase classname="com.informatica.cloud.api.adapter.test.connection.ConnectionTest" name="testConnectWithInvalidConnectionAttributes" time="0.002" />
  <testcase classname="com.informatica.cloud.api.adapter.test.connection.ConnectionTest" name="testDisconnectAfterValidConnect" time="0.001">
    <error message="The path provided does not exists OR cannot be read!" type="com.informatica.cloud.api.adapter.connection.ConnectionFailedException">com.informatica.cloud.api.adapter.connection.ConnectionFailedException: The path provided does not exists OR cannot be read!
	at com.informatica.cloudlabs.adapter.csvfile.connection.CSVFileConnection.connect(CSVFileConnection.java:41)
	at com.informatica.cloud.api.adapter.test.connection.ConnectionTest.testDisconnectAfterValidConnect(ConnectionTest.java:86)
	at org.eclipse.ant.internal.launching.remote.EclipseDefaultExecutor.executeTargets(EclipseDefaultExecutor.java:36)
	at org.eclipse.ant.internal.launching.remote.InternalAntRunner.run(InternalAntRunner.java:452)
	at org.eclipse.ant.internal.launching.remote.InternalAntRunner.main(InternalAntRunner.java:139)
</error>
  </testcase>
  <testcase classname="com.informatica.cloud.api.adapter.test.connection.ConnectionTest" name="testDisconnectWithoutInitialConnect" time="0.001" />
  <testcase classname="com.informatica.cloud.api.adapter.test.connection.ConnectionTest" name="testConnectionObjectInEquality" time="0.002">
    <failure message="Two calls to getConnection() should return two different objects" type="junit.framework.AssertionFailedError">junit.framework.AssertionFailedError: Two calls to getConnection() should return two different objects
	at com.informatica.cloud.api.adapter.test.connection.ConnectionTest.testConnectionObjectInEquality(ConnectionTest.java:102)
	at org.eclipse.ant.internal.launching.remote.EclipseDefaultExecutor.executeTargets(EclipseDefaultExecutor.java:36)
	at org.eclipse.ant.internal.launching.remote.InternalAntRunner.run(InternalAntRunner.java:452)
	at org.eclipse.ant.internal.launching.remote.InternalAntRunner.main(InternalAntRunner.java:139)
</failure>
  </testcase>
  <system-out><![CDATA[]]></system-out>
  <system-err><![CDATA[]]></system-err>
</testsuite>
